105  [main] INFO  org.eclipse.jetty.util.log - jetty-7.2.1.v20101111
195  [main] INFO  org.eclipse.jetty.util.log - NO JSP Support for /myContext, did not find org.apache.jasper.servlet.JspServlet
1176 [main] INFO  o.f.s.servlet.ServletTemplateEngine - Scalate template engine using working directory: /opt/work/gitprojects/easyscala/target/scalate
1208 [main] INFO  org.eclipse.jetty.util.log - Started SelectChannelConnector@0.0.0.0:60168
100  [main] INFO  org.eclipse.jetty.util.log - jetty-7.2.1.v20101111
193  [main] INFO  org.eclipse.jetty.util.log - NO JSP Support for /myContext, did not find org.apache.jasper.servlet.JspServlet
1469 [main] INFO  o.f.s.servlet.ServletTemplateEngine - Scalate template engine using working directory: /opt/work/gitprojects/easyscala/target/scalate
1493 [main] INFO  org.eclipse.jetty.util.log - Started SelectChannelConnector@0.0.0.0:44044
1659 [qtp157438507-11] WARN  org.eclipse.jetty.util.log - Error for /myContext/
java.lang.NoSuchMethodError: javax.ws.rs.core.Response.status(Ljavax/ws/rs/core/Response$StatusType;)Ljavax/ws/rs/core/Response$ResponseBuilder;
	at com.sun.jersey.api.Responses.status(Responses.java:127) ~[jersey-server-1.5-ea05.jar:1.5-ea05]
	at com.sun.jersey.api.Responses.notFound(Responses.java:103) ~[jersey-server-1.5-ea05.jar:1.5-ea05]
	at com.sun.jersey.api.NotFoundException.<init>(NotFoundException.java:68) ~[jersey-server-1.5-ea05.jar:1.5-ea05]
	at com.sun.jersey.server.impl.application.WebApplicationImpl._handleRequest(WebApplicationImpl.java:1358) ~[jersey-server-1.5-ea05.jar:1.5-ea05]
	at com.sun.jersey.server.impl.application.WebApplicationImpl._handleRequest(WebApplicationImpl.java:1289) ~[jersey-server-1.5-ea05.jar:1.5-ea05]
	at com.sun.jersey.server.impl.application.WebApplicationImpl.handleRequest(WebApplicationImpl.java:1239) ~[jersey-server-1.5-ea05.jar:1.5-ea05]
	at com.sun.jersey.server.impl.application.WebApplicationImpl.handleRequest(WebApplicationImpl.java:1229) ~[jersey-server-1.5-ea05.jar:1.5-ea05]
	at com.sun.jersey.spi.container.servlet.WebComponent.service(WebComponent.java:420) ~[jersey-server-1.5-ea05.jar:1.5-ea05]
	at com.sun.jersey.spi.container.servlet.ServletContainer.service(ServletContainer.java:538) ~[jersey-server-1.5-ea05.jar:1.5-ea05]
	at com.sun.jersey.spi.container.servlet.ServletContainer.doFilter(ServletContainer.java:937) ~[jersey-server-1.5-ea05.jar:1.5-ea05]
	at com.sun.jersey.spi.container.servlet.ServletContainer.doFilter(ServletContainer.java:885) ~[jersey-server-1.5-ea05.jar:1.5-ea05]
	at com.sun.jersey.spi.container.servlet.ServletContainer.doFilter(ServletContainer.java:846) ~[jersey-server-1.5-ea05.jar:1.5-ea05]
	at org.eclipse.jetty.servlet.ServletHandler$CachedChain.doFilter(ServletHandler.java:1322) ~[jetty-servlet-7.2.1.v20101111.jar:7.2.1.v20101111]
	at org.eclipse.jetty.servlet.ServletHandler.doHandle(ServletHandler.java:473) [jetty-servlet-7.2.1.v20101111.jar:7.2.1.v20101111]
	at org.eclipse.jetty.server.handler.ScopedHandler.handle(ScopedHandler.java:119) [jetty-server-7.2.1.v20101111.jar:7.2.1.v20101111]
	at org.eclipse.jetty.security.SecurityHandler.handle(SecurityHandler.java:516) [jetty-security-7.2.1.v20101111.jar:7.2.1.v20101111]
	at org.eclipse.jetty.server.session.SessionHandler.doHandle(SessionHandler.java:226) [jetty-server-7.2.1.v20101111.jar:7.2.1.v20101111]
	at org.eclipse.jetty.server.handler.ContextHandler.doHandle(ContextHandler.java:921) [jetty-server-7.2.1.v20101111.jar:7.2.1.v20101111]
	at org.eclipse.jetty.servlet.ServletHandler.doScope(ServletHandler.java:403) [jetty-servlet-7.2.1.v20101111.jar:7.2.1.v20101111]
	at org.eclipse.jetty.server.session.SessionHandler.doScope(SessionHandler.java:184) [jetty-server-7.2.1.v20101111.jar:7.2.1.v20101111]
	at org.eclipse.jetty.server.handler.ContextHandler.doScope(ContextHandler.java:856) [jetty-server-7.2.1.v20101111.jar:7.2.1.v20101111]
	at org.eclipse.jetty.server.handler.ScopedHandler.handle(ScopedHandler.java:117) [jetty-server-7.2.1.v20101111.jar:7.2.1.v20101111]
	at org.eclipse.jetty.server.handler.HandlerWrapper.handle(HandlerWrapper.java:114) [jetty-server-7.2.1.v20101111.jar:7.2.1.v20101111]
	at org.eclipse.jetty.server.Server.handle(Server.java:352) [jetty-server-7.2.1.v20101111.jar:7.2.1.v20101111]
	at org.eclipse.jetty.server.HttpConnection.handleRequest(HttpConnection.java:596) [jetty-server-7.2.1.v20101111.jar:7.2.1.v20101111]
	at org.eclipse.jetty.server.HttpConnection$RequestHandler.headerComplete(HttpConnection.java:1052) [jetty-server-7.2.1.v20101111.jar:7.2.1.v20101111]
	at org.eclipse.jetty.http.HttpParser.parseNext(HttpParser.java:590) [jetty-http-7.2.1.v20101111.jar:7.2.1.v20101111]
	at org.eclipse.jetty.http.HttpParser.parseAvailable(HttpParser.java:212) [jetty-http-7.2.1.v20101111.jar:7.2.1.v20101111]
	at org.eclipse.jetty.server.HttpConnection.handle(HttpConnection.java:426) [jetty-server-7.2.1.v20101111.jar:7.2.1.v20101111]
	at org.eclipse.jetty.io.nio.SelectChannelEndPoint.handle(SelectChannelEndPoint.java:510) [jetty-io-7.2.1.v20101111.jar:7.2.1.v20101111]
	at org.eclipse.jetty.io.nio.SelectChannelEndPoint.access$000(SelectChannelEndPoint.java:34) [jetty-io-7.2.1.v20101111.jar:7.2.1.v20101111]
	at org.eclipse.jetty.io.nio.SelectChannelEndPoint$1.run(SelectChannelEndPoint.java:40) [jetty-io-7.2.1.v20101111.jar:7.2.1.v20101111]
	at org.eclipse.jetty.util.thread.QueuedThreadPool$2.run(QueuedThreadPool.java:450) [jetty-util-7.2.1.v20101111.jar:7.2.1.v20101111]
	at java.lang.Thread.run(Thread.java:619) [na:1.6.0_20]
100  [main] INFO  org.eclipse.jetty.util.log - jetty-7.2.1.v20101111
192  [main] INFO  org.eclipse.jetty.util.log - NO JSP Support for /myContext, did not find org.apache.jasper.servlet.JspServlet
369  [main] INFO  o.f.s.servlet.ServletTemplateEngine - Scalate template engine using working directory: /opt/work/gitprojects/easyscala/target/scalate
412  [main] INFO  org.eclipse.jetty.util.log - Started SelectChannelConnector@0.0.0.0:56825
107  [main] INFO  org.eclipse.jetty.util.log - jetty-7.2.1.v20101111
200  [main] INFO  org.eclipse.jetty.util.log - NO JSP Support for /myContext, did not find org.apache.jasper.servlet.JspServlet
378  [main] INFO  o.f.s.servlet.ServletTemplateEngine - Scalate template engine using working directory: /opt/work/gitprojects/easyscala/target/scalate
419  [main] INFO  org.eclipse.jetty.util.log - Started SelectChannelConnector@0.0.0.0:33669
103  [main] INFO  org.eclipse.jetty.util.log - jetty-7.2.1.v20101111
196  [main] INFO  org.eclipse.jetty.util.log - NO JSP Support for /myContext, did not find org.apache.jasper.servlet.JspServlet
367  [main] INFO  o.f.s.servlet.ServletTemplateEngine - Scalate template engine using working directory: /opt/work/gitprojects/easyscala/target/scalate
431  [main] INFO  org.eclipse.jetty.util.log - Started SelectChannelConnector@0.0.0.0:50431
107  [main] INFO  org.eclipse.jetty.util.log - jetty-7.2.1.v20101111
204  [main] INFO  org.eclipse.jetty.util.log - NO JSP Support for /myContext, did not find org.apache.jasper.servlet.JspServlet
390  [main] INFO  o.f.s.servlet.ServletTemplateEngine - Scalate template engine using working directory: /opt/work/gitprojects/easyscala/target/scalate
423  [main] INFO  org.eclipse.jetty.util.log - Started SelectChannelConnector@0.0.0.0:37901
103  [main] INFO  org.eclipse.jetty.util.log - jetty-7.2.1.v20101111
197  [main] INFO  org.eclipse.jetty.util.log - NO JSP Support for /myContext, did not find org.apache.jasper.servlet.JspServlet
366  [main] INFO  o.f.s.servlet.ServletTemplateEngine - Scalate template engine using working directory: /opt/work/gitprojects/easyscala/target/scalate
398  [main] INFO  org.eclipse.jetty.util.log - Started SelectChannelConnector@0.0.0.0:51076
101  [main] INFO  org.eclipse.jetty.util.log - jetty-7.2.1.v20101111
202  [main] INFO  org.eclipse.jetty.util.log - NO JSP Support for /myContext, did not find org.apache.jasper.servlet.JspServlet
842  [main] INFO  o.f.s.servlet.ServletTemplateEngine - Scalate template engine using working directory: /opt/work/gitprojects/easyscala/target/scalate
882  [main] INFO  org.eclipse.jetty.util.log - Started SelectChannelConnector@0.0.0.0:38125
174  [main] INFO  o.f.s.servlet.ServletTemplateEngine - Scalate template engine using working directory: /opt/work/gitprojects/easyscala/target/_scalate
175  [main] INFO  o.f.s.servlet.ServletTemplateEngine - Scalate template engine using working directory: /opt/work/gitprojects/easyscala/target/_scalate
185  [main] INFO  o.f.s.servlet.ServletTemplateEngine - Scalate template engine using working directory: /opt/work/gitprojects/easyscala/target/_scalate
184  [main] INFO  o.f.s.servlet.ServletTemplateEngine - Scalate template engine using working directory: /opt/work/gitprojects/easyscala/target/_scalate
190  [main] INFO  o.f.s.servlet.ServletTemplateEngine - Scalate template engine using working directory: /opt/work/gitprojects/easyscala/target/_scalate
202  [main] INFO  o.f.s.servlet.ServletTemplateEngine - Scalate template engine using working directory: /opt/work/gitprojects/easyscala/target/_scalate
204  [main] INFO  o.f.s.servlet.ServletTemplateEngine - Scalate template engine using working directory: /opt/work/gitprojects/easyscala/target/_scalate
136859 [qtp285018722-103] INFO  o.j.r.p.s.servlet.ConfigurationBootstrap - Adding scanned @Provider: org.fusesource.scalate.jersey.ScalateTemplateProvider
136863 [qtp285018722-103] INFO  o.j.r.p.s.servlet.ConfigurationBootstrap - Adding scanned @Provider: org.fusesource.scalate.rest.ViewWriter
136863 [qtp285018722-103] INFO  o.j.r.p.s.servlet.ConfigurationBootstrap - Adding scanned @Provider: org.fusesource.scalate.rest.NodeWriter
136863 [qtp285018722-103] INFO  o.j.r.p.s.servlet.ConfigurationBootstrap - Adding scanned @Provider: org.jboss.easyscala.RootService
136863 [qtp285018722-103] INFO  o.j.r.p.s.servlet.ConfigurationBootstrap - Adding scanned @Provider: org.fusesource.scalate.rest.TransformerWriter
2216 [qtp843167285-15] INFO  o.j.r.p.s.servlet.ConfigurationBootstrap - Adding scanned @Provider: org.fusesource.scalate.jersey.ScalateTemplateProvider
2219 [qtp843167285-15] INFO  o.j.r.p.s.servlet.ConfigurationBootstrap - Adding scanned @Provider: org.fusesource.scalate.rest.ViewWriter
2219 [qtp843167285-15] INFO  o.j.r.p.s.servlet.ConfigurationBootstrap - Adding scanned @Provider: org.fusesource.scalate.rest.NodeWriter
2219 [qtp843167285-15] INFO  o.j.r.p.s.servlet.ConfigurationBootstrap - Adding scanned @Provider: org.jboss.easyscala.RootService
2219 [qtp843167285-15] INFO  o.j.r.p.s.servlet.ConfigurationBootstrap - Adding scanned @Provider: org.fusesource.scalate.rest.TransformerWriter
231  [main] INFO  o.f.s.servlet.ServletTemplateEngine - Scalate template engine using working directory: /opt/work/gitprojects/easyscala/target/_scalate
26507 [qtp471403673-16] INFO  o.j.r.p.s.servlet.ConfigurationBootstrap - Adding scanned @Provider: org.fusesource.scalate.jersey.ScalateTemplateProvider
26510 [qtp471403673-16] INFO  o.j.r.p.s.servlet.ConfigurationBootstrap - Adding scanned @Provider: org.fusesource.scalate.rest.ViewWriter
26510 [qtp471403673-16] INFO  o.j.r.p.s.servlet.ConfigurationBootstrap - Adding scanned @Provider: org.fusesource.scalate.rest.NodeWriter
26510 [qtp471403673-16] INFO  o.j.r.p.s.servlet.ConfigurationBootstrap - Adding scanned @Provider: org.jboss.easyscala.RootService
26510 [qtp471403673-16] INFO  o.j.r.p.s.servlet.ConfigurationBootstrap - Adding scanned @Provider: org.fusesource.scalate.rest.TransformerWriter
181  [main] INFO  o.f.s.servlet.ServletTemplateEngine - Scalate template engine using working directory: /opt/work/gitprojects/easyscala/target/_scalate
7534 [qtp1443437948-14] INFO  o.j.r.p.s.servlet.ConfigurationBootstrap - Adding scanned @Provider: org.fusesource.scalate.jersey.ScalateTemplateProvider
7540 [qtp1443437948-14] INFO  o.j.r.p.s.servlet.ConfigurationBootstrap - Adding scanned @Provider: org.fusesource.scalate.rest.ViewWriter
7540 [qtp1443437948-14] INFO  o.j.r.p.s.servlet.ConfigurationBootstrap - Adding scanned @Provider: org.fusesource.scalate.rest.NodeWriter
7540 [qtp1443437948-14] INFO  o.j.r.p.s.servlet.ConfigurationBootstrap - Adding scanned @Provider: org.jboss.easyscala.RootService
7540 [qtp1443437948-14] INFO  o.j.r.p.s.servlet.ConfigurationBootstrap - Adding scanned @Provider: org.fusesource.scalate.rest.TransformerWriter
272  [main] INFO  o.f.s.servlet.ServletTemplateEngine - Scalate template engine using working directory: /opt/work/gitprojects/easyscala/target/_scalate
7033 [qtp1213059092-17] INFO  o.j.r.p.s.servlet.ConfigurationBootstrap - Adding scanned @Provider: org.fusesource.scalate.jersey.ScalateTemplateProvider
7035 [qtp1213059092-17] INFO  o.j.r.p.s.servlet.ConfigurationBootstrap - Adding scanned @Provider: org.fusesource.scalate.rest.ViewWriter
7036 [qtp1213059092-17] INFO  o.j.r.p.s.servlet.ConfigurationBootstrap - Adding scanned @Provider: org.fusesource.scalate.rest.NodeWriter
7036 [qtp1213059092-17] INFO  o.j.r.p.s.servlet.ConfigurationBootstrap - Adding scanned @Provider: org.jboss.easyscala.RootService
7036 [qtp1213059092-17] INFO  o.j.r.p.s.servlet.ConfigurationBootstrap - Adding scanned @Provider: org.fusesource.scalate.rest.TransformerWriter
180  [main] INFO  o.f.s.servlet.ServletTemplateEngine - Scalate template engine using working directory: /opt/work/gitprojects/easyscala/target/_scalate
14103 [qtp1222269888-20] INFO  o.j.r.p.s.servlet.ConfigurationBootstrap - Adding scanned @Provider: org.fusesource.scalate.jersey.ScalateTemplateProvider
14105 [qtp1222269888-20] INFO  o.j.r.p.s.servlet.ConfigurationBootstrap - Adding scanned @Provider: org.fusesource.scalate.rest.ViewWriter
14105 [qtp1222269888-20] INFO  o.j.r.p.s.servlet.ConfigurationBootstrap - Adding scanned @Provider: org.fusesource.scalate.rest.NodeWriter
14105 [qtp1222269888-20] INFO  o.j.r.p.s.servlet.ConfigurationBootstrap - Adding scanned @Provider: org.jboss.easyscala.RootService
14105 [qtp1222269888-20] INFO  o.j.r.p.s.servlet.ConfigurationBootstrap - Adding scanned @Provider: org.fusesource.scalate.rest.TransformerWriter
203  [main] INFO  o.f.s.servlet.ServletTemplateEngine - Scalate template engine using working directory: /opt/work/gitprojects/easyscala/target/_scalate
54968 [qtp1141445920-18] INFO  o.j.r.p.s.servlet.ConfigurationBootstrap - Adding scanned @Provider: org.fusesource.scalate.jersey.ScalateTemplateProvider
54972 [qtp1141445920-18] INFO  o.j.r.p.s.servlet.ConfigurationBootstrap - Adding scanned @Provider: org.fusesource.scalate.rest.ViewWriter
54972 [qtp1141445920-18] INFO  o.j.r.p.s.servlet.ConfigurationBootstrap - Adding scanned @Provider: org.fusesource.scalate.rest.NodeWriter
54972 [qtp1141445920-18] INFO  o.j.r.p.s.servlet.ConfigurationBootstrap - Adding scanned @Provider: org.jboss.easyscala.RootService
54972 [qtp1141445920-18] INFO  o.j.r.p.s.servlet.ConfigurationBootstrap - Adding scanned @Provider: org.fusesource.scalate.rest.TransformerWriter
2196 [main] INFO  o.j.r.p.s.servlet.ConfigurationBootstrap - Adding scanned @Provider: org.fusesource.scalate.jersey.ScalateTemplateProvider
2199 [main] INFO  o.j.r.p.s.servlet.ConfigurationBootstrap - Adding scanned @Provider: org.fusesource.scalate.rest.ViewWriter
2199 [main] INFO  o.j.r.p.s.servlet.ConfigurationBootstrap - Adding scanned @Provider: org.fusesource.scalate.rest.NodeWriter
2199 [main] INFO  o.j.r.p.s.servlet.ConfigurationBootstrap - Adding scanned @Provider: org.jboss.easyscala.RootService
2199 [main] INFO  o.j.r.p.s.servlet.ConfigurationBootstrap - Adding scanned @Provider: org.fusesource.scalate.rest.TransformerWriter
2614 [main] INFO  o.f.s.servlet.ServletTemplateEngine - Scalate template engine using working directory: /opt/work/gitprojects/easyscala/target/_scalate
207  [main] INFO  o.f.s.servlet.ServletTemplateEngine - Scalate template engine using working directory: /opt/work/gitprojects/easyscala/target/_scalate
169  [main] INFO  o.f.s.servlet.ServletTemplateEngine - Scalate template engine using working directory: /opt/work/gitprojects/easyscala/target/_scalate
181  [main] INFO  o.f.s.servlet.ServletTemplateEngine - Scalate template engine using working directory: /opt/work/gitprojects/easyscala/target/_scalate
184  [main] INFO  o.f.s.servlet.ServletTemplateEngine - Scalate template engine using working directory: /opt/work/gitprojects/easyscala/target/_scalate
501  [main] INFO  o.f.s.servlet.ServletTemplateEngine - Scalate template engine using working directory: /opt/work/gitprojects/easyscala/target/_scalate
525  [main] INFO  o.f.s.servlet.ServletTemplateEngine - Scalate template engine using working directory: /opt/work/gitprojects/easyscala/target/_scalate
501  [main] INFO  o.f.s.servlet.ServletTemplateEngine - Scalate template engine using working directory: /opt/work/gitprojects/easyscala/target/_scalate
520  [main] INFO  o.f.s.servlet.ServletTemplateEngine - Scalate template engine using working directory: /opt/work/gitprojects/easyscala/target/_scalate
505  [main] INFO  o.f.s.servlet.ServletTemplateEngine - Scalate template engine using working directory: /opt/work/gitprojects/easyscala/target/_scalate
202  [main] INFO  o.f.s.servlet.ServletTemplateEngine - Scalate template engine using working directory: /opt/work/gitprojects/easyscala/target/_scalate
13204 [qtp1071135988-17] INFO  o.j.r.p.s.servlet.ConfigurationBootstrap - Adding scanned @Provider: org.fusesource.scalate.jersey.ScalateTemplateProvider
13209 [qtp1071135988-17] INFO  o.j.r.p.s.servlet.ConfigurationBootstrap - Adding scanned @Provider: org.fusesource.scalate.rest.ViewWriter
13209 [qtp1071135988-17] INFO  o.j.r.p.s.servlet.ConfigurationBootstrap - Adding scanned @Provider: org.fusesource.scalate.rest.NodeWriter
13209 [qtp1071135988-17] INFO  o.j.r.p.s.servlet.ConfigurationBootstrap - Adding scanned @Provider: org.jboss.easyscala.RootService
13210 [qtp1071135988-17] INFO  o.j.r.p.s.servlet.ConfigurationBootstrap - Adding scanned @Provider: org.fusesource.scalate.rest.TransformerWriter
13211 [qtp1071135988-17] INFO  o.j.r.p.s.servlet.ConfigurationBootstrap - Adding scanned resource: org.fusesource.scalate.console.Console
13213 [qtp1071135988-17] INFO  o.j.r.p.s.servlet.ConfigurationBootstrap - Adding scanned resource: org.jboss.easyscala.RootService
187  [main] INFO  o.f.s.servlet.ServletTemplateEngine - Scalate template engine using working directory: /opt/work/gitprojects/easyscala/target/_scalate
170168 [qtp321706196-14] INFO  o.j.r.p.s.servlet.ConfigurationBootstrap - Adding scanned @Provider: org.fusesource.scalate.jersey.ScalateTemplateProvider
170172 [qtp321706196-14] INFO  o.j.r.p.s.servlet.ConfigurationBootstrap - Adding scanned @Provider: org.fusesource.scalate.rest.ViewWriter
170172 [qtp321706196-14] INFO  o.j.r.p.s.servlet.ConfigurationBootstrap - Adding scanned @Provider: org.fusesource.scalate.rest.NodeWriter
170173 [qtp321706196-14] INFO  o.j.r.p.s.servlet.ConfigurationBootstrap - Adding scanned @Provider: org.jboss.easyscala.RootService
170173 [qtp321706196-14] INFO  o.j.r.p.s.servlet.ConfigurationBootstrap - Adding scanned @Provider: org.fusesource.scalate.rest.TransformerWriter
170175 [qtp321706196-14] INFO  o.j.r.p.s.servlet.ConfigurationBootstrap - Adding scanned resource: org.fusesource.scalate.console.Console
170176 [qtp321706196-14] INFO  o.j.r.p.s.servlet.ConfigurationBootstrap - Adding scanned resource: org.jboss.easyscala.RootService
